2021-04-05 16:33:27,918 CRIT Supervisor is running as root.  Privileges were not dropped because no user is specified in the config file.  If you intend to run as root, you can set user=root in the config file to avoid this message.
2021-04-05 16:33:27,943 INFO supervisord started with pid 1
2021-04-05 16:33:28,952 INFO spawned: 'celery-scraper' with pid 10
2021-04-05 16:33:30,921 INFO success: celery-scraper entered RUNNING state, process has stayed up for > than 1 seconds (startsecs)
2021-04-05 16:40:41,090 WARN received SIGTERM indicating exit request
2021-04-05 16:40:41,097 INFO waiting for celery-scraper to die
2021-04-05 16:40:43,012 INFO stopped: celery-scraper (exit status 0)
2021-04-05 16:41:14,606 CRIT Supervisor is running as root.  Privileges were not dropped because no user is specified in the config file.  If you intend to run as root, you can set user=root in the config file to avoid this message.
2021-04-05 16:41:14,646 INFO supervisord started with pid 1
2021-04-05 16:41:15,656 INFO spawned: 'celery-scraper' with pid 8
2021-04-05 16:41:16,667 INFO success: celery-scraper entered RUNNING state, process has stayed up for > than 1 seconds (startsecs)
2021-04-05 16:46:33,111 WARN received SIGTERM indicating exit request
2021-04-05 16:46:33,116 INFO waiting for celery-scraper to die
2021-04-05 16:46:34,825 INFO stopped: celery-scraper (exit status 0)
2021-04-05 16:47:07,887 CRIT Supervisor is running as root.  Privileges were not dropped because no user is specified in the config file.  If you intend to run as root, you can set user=root in the config file to avoid this message.
2021-04-05 16:47:07,927 INFO supervisord started with pid 1
2021-04-05 16:47:08,940 INFO spawned: 'default' with pid 9
2021-04-05 16:47:08,995 INFO spawned: 'celery-scraper' with pid 10
2021-04-05 16:47:10,008 INFO success: default entered RUNNING state, process has stayed up for > than 1 seconds (startsecs)
2021-04-05 16:47:10,018 INFO success: celery-scraper entered RUNNING state, process has stayed up for > than 1 seconds (startsecs)
2021-04-05 16:54:45,959 WARN received SIGTERM indicating exit request
2021-04-05 16:54:45,971 INFO waiting for default, celery-scraper to die
2021-04-05 16:54:48,210 INFO stopped: celery-scraper (exit status 0)
2021-04-05 16:54:49,220 INFO waiting for default to die
2021-04-05 16:54:51,425 INFO stopped: default (exit status 0)
2021-04-05 16:55:23,932 CRIT Supervisor is running as root.  Privileges were not dropped because no user is specified in the config file.  If you intend to run as root, you can set user=root in the config file to avoid this message.
2021-04-05 16:55:24,000 INFO supervisord started with pid 1
2021-04-05 16:55:25,012 INFO spawned: 'default' with pid 9
2021-04-05 16:55:25,024 INFO spawned: 'celery-scraper' with pid 10
2021-04-05 16:55:26,034 INFO success: default entered RUNNING state, process has stayed up for > than 1 seconds (startsecs)
2021-04-05 16:55:26,041 INFO success: celery-scraper entered RUNNING state, process has stayed up for > than 1 seconds (startsecs)
2021-04-05 17:04:48,587 CRIT Supervisor is running as root.  Privileges were not dropped because no user is specified in the config file.  If you intend to run as root, you can set user=root in the config file to avoid this message.
2021-04-05 17:04:48,785 INFO supervisord started with pid 1
2021-04-05 17:04:49,798 INFO spawned: 'default' with pid 10
2021-04-05 17:04:49,823 INFO spawned: 'celery-scraper' with pid 11
2021-04-05 17:04:50,836 INFO success: default entered RUNNING state, process has stayed up for > than 1 seconds (startsecs)
2021-04-05 17:04:50,843 INFO success: celery-scraper entered RUNNING state, process has stayed up for > than 1 seconds (startsecs)
2021-04-05 17:19:53,522 WARN received SIGTERM indicating exit request
2021-04-05 17:19:53,527 INFO waiting for default, celery-scraper to die
2021-04-05 17:19:55,392 INFO stopped: celery-scraper (exit status 0)
2021-04-05 17:19:57,221 INFO stopped: default (exit status 0)
2021-04-05 17:22:29,324 CRIT Supervisor is running as root.  Privileges were not dropped because no user is specified in the config file.  If you intend to run as root, you can set user=root in the config file to avoid this message.
2021-04-05 17:22:29,348 INFO supervisord started with pid 1
2021-04-05 17:22:30,359 INFO spawned: 'default' with pid 10
2021-04-05 17:22:30,374 INFO spawned: 'celery-scraper' with pid 11
2021-04-05 17:22:31,382 INFO success: default entered RUNNING state, process has stayed up for > than 1 seconds (startsecs)
2021-04-05 17:22:31,386 INFO success: celery-scraper entered RUNNING state, process has stayed up for > than 1 seconds (startsecs)
2021-04-05 17:39:27,476 WARN received SIGTERM indicating exit request
2021-04-05 17:39:27,480 INFO waiting for default, celery-scraper to die
2021-04-05 17:39:30,495 INFO waiting for default, celery-scraper to die
2021-04-05 17:39:33,503 INFO waiting for default, celery-scraper to die
2021-04-05 17:39:37,490 WARN killing 'celery-scraper' (11) with SIGKILL
2021-04-05 17:39:37,493 INFO waiting for default, celery-scraper to die
2021-04-05 17:39:37,537 INFO stopped: celery-scraper (terminated by SIGKILL)
2021-04-05 17:39:56,885 CRIT Supervisor is running as root.  Privileges were not dropped because no user is specified in the config file.  If you intend to run as root, you can set user=root in the config file to avoid this message.
2021-04-05 17:39:56,906 INFO supervisord started with pid 1
2021-04-05 17:39:57,915 INFO spawned: 'default' with pid 10
2021-04-05 17:39:57,925 INFO spawned: 'celery-beat' with pid 11
2021-04-05 17:39:57,937 INFO spawned: 'celery-scrape-articles' with pid 12
2021-04-05 17:39:58,954 INFO success: default entered RUNNING state, process has stayed up for > than 1 seconds (startsecs)
2021-04-05 17:39:58,959 INFO success: celery-beat entered RUNNING state, process has stayed up for > than 1 seconds (startsecs)
2021-04-05 17:39:58,964 INFO success: celery-scrape-articles entered RUNNING state, process has stayed up for > than 1 seconds (startsecs)
2021-04-05 17:47:54,363 WARN received SIGTERM indicating exit request
2021-04-05 17:47:54,394 INFO waiting for default, celery-beat, celery-scrape-articles to die
2021-04-05 17:47:57,409 INFO waiting for default, celery-beat, celery-scrape-articles to die
2021-04-05 17:48:00,416 INFO waiting for default, celery-beat, celery-scrape-articles to die
2021-04-05 17:48:04,272 INFO waiting for default, celery-beat, celery-scrape-articles to die
2021-04-05 18:18:25,089 CRIT Supervisor is running as root.  Privileges were not dropped because no user is specified in the config file.  If you intend to run as root, you can set user=root in the config file to avoid this message.
2021-04-05 18:18:25,119 INFO supervisord started with pid 1
2021-04-05 18:18:26,126 INFO spawned: 'default' with pid 9
2021-04-05 18:18:26,146 INFO spawned: 'celery-beat' with pid 10
2021-04-05 18:18:26,172 INFO spawned: 'celery-scrape-articles' with pid 11
2021-04-05 18:18:27,187 INFO success: default entered RUNNING state, process has stayed up for > than 1 seconds (startsecs)
2021-04-05 18:18:27,191 INFO success: celery-beat entered RUNNING state, process has stayed up for > than 1 seconds (startsecs)
2021-04-05 18:18:27,195 INFO success: celery-scrape-articles entered RUNNING state, process has stayed up for > than 1 seconds (startsecs)
2021-04-05 18:29:24,927 WARN received SIGTERM indicating exit request
2021-04-05 18:29:24,929 INFO waiting for default, celery-beat, celery-scrape-articles to die
2021-04-05 18:29:26,562 INFO stopped: celery-scrape-articles (exit status 0)
2021-04-05 18:29:26,660 INFO stopped: celery-beat (exit status 0)
2021-04-05 18:29:28,303 INFO stopped: default (exit status 0)
2021-04-05 18:30:04,668 CRIT Supervisor is running as root.  Privileges were not dropped because no user is specified in the config file.  If you intend to run as root, you can set user=root in the config file to avoid this message.
2021-04-05 18:30:04,677 INFO supervisord started with pid 1
2021-04-05 18:30:05,682 INFO spawned: 'default' with pid 9
2021-04-05 18:30:05,687 INFO spawned: 'celery-beat' with pid 10
2021-04-05 18:30:05,690 INFO spawned: 'celery-scrape-articles' with pid 11
2021-04-05 18:30:06,694 INFO success: default entered RUNNING state, process has stayed up for > than 1 seconds (startsecs)
2021-04-05 18:30:06,696 INFO success: celery-beat entered RUNNING state, process has stayed up for > than 1 seconds (startsecs)
2021-04-05 18:30:06,698 INFO success: celery-scrape-articles entered RUNNING state, process has stayed up for > than 1 seconds (startsecs)
2021-04-05 18:30:50,513 WARN received SIGTERM indicating exit request
2021-04-05 18:30:50,515 INFO waiting for default, celery-beat, celery-scrape-articles to die
2021-04-05 18:30:52,155 INFO stopped: celery-scrape-articles (exit status 0)
2021-04-05 18:30:52,258 INFO stopped: celery-beat (exit status 0)
2021-04-05 18:30:53,894 INFO stopped: default (exit status 0)
2021-04-05 18:31:46,482 CRIT Supervisor is running as root.  Privileges were not dropped because no user is specified in the config file.  If you intend to run as root, you can set user=root in the config file to avoid this message.
2021-04-05 18:31:46,497 INFO supervisord started with pid 1
2021-04-05 18:31:47,502 INFO spawned: 'default' with pid 9
2021-04-05 18:31:47,508 INFO spawned: 'celery-beat' with pid 10
2021-04-05 18:31:47,516 INFO spawned: 'celery-scrape-articles' with pid 11
2021-04-05 18:31:48,520 INFO success: default entered RUNNING state, process has stayed up for > than 1 seconds (startsecs)
2021-04-05 18:31:48,523 INFO success: celery-beat entered RUNNING state, process has stayed up for > than 1 seconds (startsecs)
2021-04-05 18:31:48,525 INFO success: celery-scrape-articles entered RUNNING state, process has stayed up for > than 1 seconds (startsecs)
2021-04-05 18:58:50,221 WARN received SIGTERM indicating exit request
2021-04-05 18:58:50,226 INFO waiting for default, celery-beat, celery-scrape-articles to die
2021-04-05 18:58:53,681 INFO waiting for default, celery-beat, celery-scrape-articles to die
2021-04-05 18:58:56,691 INFO waiting for default, celery-beat, celery-scrape-articles to die
2021-04-05 18:58:59,701 INFO waiting for default, celery-beat, celery-scrape-articles to die
2021-04-05 19:00:33,333 CRIT Supervisor is running as root.  Privileges were not dropped because no user is specified in the config file.  If you intend to run as root, you can set user=root in the config file to avoid this message.
2021-04-05 19:00:33,374 INFO supervisord started with pid 1
2021-04-05 19:00:34,381 INFO spawned: 'default' with pid 9
2021-04-05 19:00:34,400 INFO spawned: 'celery-beat' with pid 10
2021-04-05 19:00:34,420 INFO spawned: 'celery-scrape-articles' with pid 11
2021-04-05 19:00:35,441 INFO success: default entered RUNNING state, process has stayed up for > than 1 seconds (startsecs)
2021-04-05 19:00:35,449 INFO success: celery-beat entered RUNNING state, process has stayed up for > than 1 seconds (startsecs)
2021-04-05 19:00:35,451 INFO success: celery-scrape-articles entered RUNNING state, process has stayed up for > than 1 seconds (startsecs)
2021-04-05 19:04:28,821 WARN received SIGTERM indicating exit request
2021-04-05 19:04:28,830 INFO waiting for default, celery-beat, celery-scrape-articles to die
2021-04-05 19:04:30,570 INFO stopped: celery-scrape-articles (exit status 0)
2021-04-05 19:04:30,706 INFO stopped: celery-beat (exit status 0)
2021-04-05 19:04:32,442 INFO stopped: default (exit status 0)
2021-04-05 19:14:27,633 CRIT Supervisor is running as root.  Privileges were not dropped because no user is specified in the config file.  If you intend to run as root, you can set user=root in the config file to avoid this message.
2021-04-05 19:14:27,656 INFO supervisord started with pid 11
2021-04-05 19:14:28,664 INFO spawned: 'default' with pid 14
2021-04-05 19:14:28,673 INFO spawned: 'celery-beat' with pid 15
2021-04-05 19:14:28,688 INFO spawned: 'celery-scrape-articles' with pid 16
2021-04-05 19:14:29,700 INFO success: default entered RUNNING state, process has stayed up for > than 1 seconds (startsecs)
2021-04-05 19:14:29,708 INFO success: celery-beat entered RUNNING state, process has stayed up for > than 1 seconds (startsecs)
2021-04-05 19:14:29,714 INFO success: celery-scrape-articles entered RUNNING state, process has stayed up for > than 1 seconds (startsecs)
2021-04-05 19:21:02,265 CRIT Supervisor is running as root.  Privileges were not dropped because no user is specified in the config file.  If you intend to run as root, you can set user=root in the config file to avoid this message.
2021-04-05 19:21:02,292 INFO supervisord started with pid 10
2021-04-05 19:21:03,299 INFO spawned: 'default' with pid 13
2021-04-05 19:21:03,310 INFO spawned: 'celery-beat' with pid 14
2021-04-05 19:21:03,321 INFO spawned: 'celery-scrape-articles' with pid 15
2021-04-05 19:21:04,329 INFO success: default entered RUNNING state, process has stayed up for > than 1 seconds (startsecs)
2021-04-05 19:21:04,332 INFO success: celery-beat entered RUNNING state, process has stayed up for > than 1 seconds (startsecs)
2021-04-05 19:21:04,337 INFO success: celery-scrape-articles entered RUNNING state, process has stayed up for > than 1 seconds (startsecs)
2021-04-05 20:17:25,279 CRIT Supervisor is running as root.  Privileges were not dropped because no user is specified in the config file.  If you intend to run as root, you can set user=root in the config file to avoid this message.
2021-04-05 20:17:25,308 INFO supervisord started with pid 10
2021-04-05 20:17:26,317 INFO spawned: 'default' with pid 13
2021-04-05 20:17:26,328 INFO spawned: 'celery-beat' with pid 14
2021-04-05 20:17:26,353 INFO spawned: 'celery-scrape-articles' with pid 15
2021-04-05 20:17:27,361 INFO success: default entered RUNNING state, process has stayed up for > than 1 seconds (startsecs)
2021-04-05 20:17:27,364 INFO success: celery-beat entered RUNNING state, process has stayed up for > than 1 seconds (startsecs)
2021-04-05 20:17:27,370 INFO success: celery-scrape-articles entered RUNNING state, process has stayed up for > than 1 seconds (startsecs)
2021-04-05 20:23:13,596 CRIT Supervisor is running as root.  Privileges were not dropped because no user is specified in the config file.  If you intend to run as root, you can set user=root in the config file to avoid this message.
2021-04-05 20:23:13,623 INFO supervisord started with pid 9
2021-04-05 20:23:14,629 INFO spawned: 'default' with pid 12
2021-04-05 20:23:14,644 INFO spawned: 'celery-beat' with pid 13
2021-04-05 20:23:14,659 INFO spawned: 'celery-scrape-articles' with pid 14
2021-04-05 20:23:15,673 INFO success: default entered RUNNING state, process has stayed up for > than 1 seconds (startsecs)
2021-04-05 20:23:15,682 INFO success: celery-beat entered RUNNING state, process has stayed up for > than 1 seconds (startsecs)
2021-04-05 20:23:15,700 INFO success: celery-scrape-articles entered RUNNING state, process has stayed up for > than 1 seconds (startsecs)
2021-04-05 20:30:47,311 CRIT Supervisor is running as root.  Privileges were not dropped because no user is specified in the config file.  If you intend to run as root, you can set user=root in the config file to avoid this message.
2021-04-05 20:30:47,344 INFO supervisord started with pid 9
2021-04-05 20:30:48,351 INFO spawned: 'default' with pid 12
2021-04-05 20:30:48,364 INFO spawned: 'celery-beat' with pid 13
2021-04-05 20:30:48,375 INFO spawned: 'celery-scrape-articles' with pid 14
2021-04-05 20:30:49,392 INFO success: default entered RUNNING state, process has stayed up for > than 1 seconds (startsecs)
2021-04-05 20:30:49,403 INFO success: celery-beat entered RUNNING state, process has stayed up for > than 1 seconds (startsecs)
2021-04-05 20:30:49,418 INFO success: celery-scrape-articles entered RUNNING state, process has stayed up for > than 1 seconds (startsecs)
2021-04-06 11:06:31,946 CRIT Supervisor is running as root.  Privileges were not dropped because no user is specified in the config file.  If you intend to run as root, you can set user=root in the config file to avoid this message.
2021-04-06 11:06:32,237 INFO supervisord started with pid 16
2021-04-06 11:06:33,433 INFO spawned: 'default' with pid 19
2021-04-06 11:06:33,578 INFO spawned: 'celery-beat' with pid 20
2021-04-06 11:06:33,756 INFO spawned: 'celery-scrape-articles' with pid 21
2021-04-06 11:06:35,010 INFO success: default entered RUNNING state, process has stayed up for > than 1 seconds (startsecs)
2021-04-06 11:06:35,305 INFO success: celery-beat entered RUNNING state, process has stayed up for > than 1 seconds (startsecs)
2021-04-06 11:06:35,351 INFO success: celery-scrape-articles entered RUNNING state, process has stayed up for > than 1 seconds (startsecs)
2021-04-06 11:14:28,572 CRIT Supervisor is running as root.  Privileges were not dropped because no user is specified in the config file.  If you intend to run as root, you can set user=root in the config file to avoid this message.
2021-04-06 11:14:28,597 INFO supervisord started with pid 9
2021-04-06 11:14:29,604 INFO spawned: 'default' with pid 12
2021-04-06 11:14:29,618 INFO spawned: 'celery-beat' with pid 13
2021-04-06 11:14:29,631 INFO spawned: 'celery-scrape-articles' with pid 14
2021-04-06 11:14:30,607 INFO success: default entered RUNNING state, process has stayed up for > than 1 seconds (startsecs)
2021-04-06 11:14:30,615 INFO success: celery-beat entered RUNNING state, process has stayed up for > than 1 seconds (startsecs)
2021-04-06 11:14:30,627 INFO success: celery-scrape-articles entered RUNNING state, process has stayed up for > than 1 seconds (startsecs)
2021-04-06 11:30:52,006 CRIT Supervisor is running as root.  Privileges were not dropped because no user is specified in the config file.  If you intend to run as root, you can set user=root in the config file to avoid this message.
2021-04-06 11:30:52,038 INFO supervisord started with pid 9
2021-04-06 11:30:53,046 INFO spawned: 'default' with pid 12
2021-04-06 11:30:53,055 INFO spawned: 'celery-beat' with pid 13
2021-04-06 11:30:53,070 INFO spawned: 'celery-scrape-articles' with pid 14
2021-04-06 11:30:54,078 INFO success: default entered RUNNING state, process has stayed up for > than 1 seconds (startsecs)
2021-04-06 11:30:54,082 INFO success: celery-beat entered RUNNING state, process has stayed up for > than 1 seconds (startsecs)
2021-04-06 11:30:54,086 INFO success: celery-scrape-articles entered RUNNING state, process has stayed up for > than 1 seconds (startsecs)
2021-04-06 12:24:46,316 CRIT Supervisor is running as root.  Privileges were not dropped because no user is specified in the config file.  If you intend to run as root, you can set user=root in the config file to avoid this message.
2021-04-06 12:24:46,425 INFO supervisord started with pid 10
2021-04-06 12:24:47,435 INFO spawned: 'default' with pid 13
2021-04-06 12:24:47,485 INFO spawned: 'celery-beat' with pid 14
2021-04-06 12:24:47,510 INFO spawned: 'celery-scrape-articles' with pid 15
2021-04-06 12:24:48,523 INFO success: default entered RUNNING state, process has stayed up for > than 1 seconds (startsecs)
2021-04-06 12:24:48,527 INFO success: celery-beat entered RUNNING state, process has stayed up for > than 1 seconds (startsecs)
2021-04-06 12:24:48,543 INFO success: celery-scrape-articles entered RUNNING state, process has stayed up for > than 1 seconds (startsecs)
2021-04-06 12:38:28,763 CRIT Supervisor is running as root.  Privileges were not dropped because no user is specified in the config file.  If you intend to run as root, you can set user=root in the config file to avoid this message.
2021-04-06 12:38:28,780 INFO supervisord started with pid 10
2021-04-06 12:38:29,786 INFO spawned: 'default' with pid 13
2021-04-06 12:38:29,793 INFO spawned: 'celery-beat' with pid 14
2021-04-06 12:38:29,801 INFO spawned: 'celery-scrape-articles' with pid 15
2021-04-06 12:38:30,815 INFO success: default entered RUNNING state, process has stayed up for > than 1 seconds (startsecs)
2021-04-06 12:38:30,817 INFO success: celery-beat entered RUNNING state, process has stayed up for > than 1 seconds (startsecs)
2021-04-06 12:38:30,820 INFO success: celery-scrape-articles entered RUNNING state, process has stayed up for > than 1 seconds (startsecs)
2021-04-06 12:47:04,024 CRIT Supervisor is running as root.  Privileges were not dropped because no user is specified in the config file.  If you intend to run as root, you can set user=root in the config file to avoid this message.
2021-04-06 12:47:04,043 INFO supervisord started with pid 9
2021-04-06 12:47:05,049 INFO spawned: 'default' with pid 12
2021-04-06 12:47:05,057 INFO spawned: 'celery-beat' with pid 13
2021-04-06 12:47:05,076 INFO spawned: 'celery-scrape-articles' with pid 14
2021-04-06 12:47:06,092 INFO success: default entered RUNNING state, process has stayed up for > than 1 seconds (startsecs)
2021-04-06 12:47:06,097 INFO success: celery-beat entered RUNNING state, process has stayed up for > than 1 seconds (startsecs)
2021-04-06 12:47:06,102 INFO success: celery-scrape-articles entered RUNNING state, process has stayed up for > than 1 seconds (startsecs)
2021-04-06 13:53:57,044 CRIT Supervisor is running as root.  Privileges were not dropped because no user is specified in the config file.  If you intend to run as root, you can set user=root in the config file to avoid this message.
2021-04-06 13:53:57,053 INFO supervisord started with pid 9
2021-04-06 13:53:58,055 INFO spawned: 'default' with pid 12
2021-04-06 13:53:58,060 INFO spawned: 'celery-beat' with pid 13
2021-04-06 13:53:58,065 INFO spawned: 'celery-scrape-articles' with pid 14
2021-04-06 13:53:59,068 INFO success: default entered RUNNING state, process has stayed up for > than 1 seconds (startsecs)
2021-04-06 13:53:59,069 INFO success: celery-beat entered RUNNING state, process has stayed up for > than 1 seconds (startsecs)
2021-04-06 13:53:59,070 INFO success: celery-scrape-articles entered RUNNING state, process has stayed up for > than 1 seconds (startsecs)
2021-04-06 14:14:04,524 CRIT Supervisor is running as root.  Privileges were not dropped because no user is specified in the config file.  If you intend to run as root, you can set user=root in the config file to avoid this message.
2021-04-06 14:14:04,535 INFO supervisord started with pid 9
2021-04-06 14:14:05,538 INFO spawned: 'default' with pid 12
2021-04-06 14:14:05,543 INFO spawned: 'celery-beat' with pid 13
2021-04-06 14:14:05,548 INFO spawned: 'celery-scrape-articles' with pid 14
2021-04-06 14:14:06,558 INFO success: default entered RUNNING state, process has stayed up for > than 1 seconds (startsecs)
2021-04-06 14:14:06,559 INFO success: celery-beat entered RUNNING state, process has stayed up for > than 1 seconds (startsecs)
2021-04-06 14:14:06,562 INFO success: celery-scrape-articles entered RUNNING state, process has stayed up for > than 1 seconds (startsecs)
2021-04-06 14:14:09,386 INFO exited: celery-beat (exit status 1; not expected)
2021-04-06 14:14:09,415 INFO spawned: 'celery-beat' with pid 15
2021-04-06 14:14:09,808 INFO exited: celery-scrape-articles (exit status 1; not expected)
2021-04-06 14:14:09,839 INFO spawned: 'celery-scrape-articles' with pid 16
2021-04-06 14:14:09,843 INFO exited: default (exit status 1; not expected)
2021-04-06 14:14:10,850 INFO spawned: 'default' with pid 17
2021-04-06 14:14:10,855 INFO success: celery-beat entered RUNNING state, process has stayed up for > than 1 seconds (startsecs)
2021-04-06 14:14:10,860 INFO success: celery-scrape-articles entered RUNNING state, process has stayed up for > than 1 seconds (startsecs)
2021-04-06 14:18:47,598 CRIT Supervisor is running as root.  Privileges were not dropped because no user is specified in the config file.  If you intend to run as root, you can set user=root in the config file to avoid this message.
2021-04-06 14:18:47,617 INFO supervisord started with pid 10
2021-04-06 14:18:48,623 INFO spawned: 'default' with pid 13
2021-04-06 14:18:48,631 INFO spawned: 'celery-beat' with pid 14
2021-04-06 14:18:48,639 INFO spawned: 'celery-scrape-articles' with pid 15
2021-04-06 14:18:49,648 INFO success: default entered RUNNING state, process has stayed up for > than 1 seconds (startsecs)
2021-04-06 14:18:49,651 INFO success: celery-beat entered RUNNING state, process has stayed up for > than 1 seconds (startsecs)
2021-04-06 14:18:49,655 INFO success: celery-scrape-articles entered RUNNING state, process has stayed up for > than 1 seconds (startsecs)
2021-04-06 18:13:37,693 CRIT Supervisor is running as root.  Privileges were not dropped because no user is specified in the config file.  If you intend to run as root, you can set user=root in the config file to avoid this message.
2021-04-06 18:13:37,754 INFO supervisord started with pid 12
2021-04-06 18:13:38,767 INFO spawned: 'default' with pid 15
2021-04-06 18:13:38,794 INFO spawned: 'celery-beat' with pid 16
2021-04-06 18:13:38,822 INFO spawned: 'celery-scrape-articles' with pid 17
2021-04-06 18:13:39,833 INFO success: default entered RUNNING state, process has stayed up for > than 1 seconds (startsecs)
2021-04-06 18:13:39,847 INFO success: celery-beat entered RUNNING state, process has stayed up for > than 1 seconds (startsecs)
2021-04-06 18:13:39,854 INFO success: celery-scrape-articles entered RUNNING state, process has stayed up for > than 1 seconds (startsecs)
2021-04-06 18:39:18,251 CRIT Supervisor is running as root.  Privileges were not dropped because no user is specified in the config file.  If you intend to run as root, you can set user=root in the config file to avoid this message.
2021-04-06 18:39:18,256 INFO supervisord started with pid 10
2021-04-06 18:39:19,260 INFO spawned: 'default' with pid 13
2021-04-06 18:39:19,265 INFO spawned: 'celery-beat' with pid 14
2021-04-06 18:39:19,270 INFO spawned: 'celery-scrape-articles' with pid 15
2021-04-06 18:39:20,274 INFO success: default entered RUNNING state, process has stayed up for > than 1 seconds (startsecs)
2021-04-06 18:39:20,275 INFO success: celery-beat entered RUNNING state, process has stayed up for > than 1 seconds (startsecs)
2021-04-06 18:39:20,276 INFO success: celery-scrape-articles entered RUNNING state, process has stayed up for > than 1 seconds (startsecs)
